<?xml version="1.0" encoding="windows-1252" standalone="no"?>
<!DOCTYPE log SYSTEM "logger.dtd">
<log>
<record>
  <date>2019-08-15T21:49:08</date>
  <millis>1565923748084</millis>
  <sequence>0</sequence>
  <logger>global</logger>
  <level>FINE</level>
  <class>mockomatik.MockOMatik</class>
  <method>main</method>
  <thread>1</thread>
  <message> &gt;&gt; LOG TEST &lt;&lt; </message>
</record>
</log>
<?xml version="1.0" encoding="windows-1252" standalone="no"?>
<!DOCTYPE log SYSTEM "logger.dtd">
<log>
<record>
  <date>2019-08-19T14:00:37</date>
  <millis>1566241237908</millis>
  <sequence>0</sequence>
  <logger>global</logger>
  <level>FINE</level>
  <class>mockomatik.MockOMatik</class>
  <method>main</method>
  <thread>1</thread>
  <message> &gt;&gt; LOG TEST &lt;&lt; </message>
</record>
<?xml version="1.0" encoding="windows-1252" standalone="no"?>
<!DOCTYPE log SYSTEM "logger.dtd">
<log>
<record>
  <date>2019-08-19T15:35:43</date>
  <millis>1566246943928</millis>
  <sequence>0</sequence>
  <logger>global</logger>
  <level>FINE</level>
  <class>mockomatik.MockOMatik</class>
  <method>main</method>
  <thread>1</thread>
  <message> &gt;&gt; LOG TEST &lt;&lt; </message>
</record>
</log>
<?xml version="1.0" encoding="windows-1252" standalone="no"?>
<!DOCTYPE log SYSTEM "logger.dtd">
<log>
<record>
  <date>2019-08-19T20:32:47</date>
  <millis>1566264767129</millis>
  <sequence>0</sequence>
  <logger>global</logger>
  <level>FINE</level>
  <class>mockomatik.MockOMatik</class>
  <method>main</method>
  <thread>1</thread>
  <message> &gt;&gt; LOG TEST &lt;&lt; </message>
</record>
</log>
<?xml version="1.0" encoding="windows-1252" standalone="no"?>
<!DOCTYPE log SYSTEM "logger.dtd">
<log>
<record>
  <date>2019-08-19T20:36:15</date>
  <millis>1566264975538</millis>
  <sequence>0</sequence>
  <logger>global</logger>
  <level>FINE</level>
  <class>mockomatik.MockOMatik</class>
  <method>main</method>
  <thread>1</thread>
  <message> &gt;&gt; LOG TEST &lt;&lt; </message>
</record>
</log>
<?xml version="1.0" encoding="windows-1252" standalone="no"?>
<!DOCTYPE log SYSTEM "logger.dtd">
<log>
<record>
  <date>2019-08-19T20:37:32</date>
  <millis>1566265052598</millis>
  <sequence>0</sequence>
  <logger>global</logger>
  <level>FINE</level>
  <class>mockomatik.MockOMatik</class>
  <method>main</method>
  <thread>1</thread>
  <message> &gt;&gt; LOG TEST &lt;&lt; </message>
</record>
</log>
<?xml version="1.0" encoding="windows-1252" standalone="no"?>
<!DOCTYPE log SYSTEM "logger.dtd">
<log>
<record>
  <date>2019-08-19T20:41:38</date>
  <millis>1566265298341</millis>
  <sequence>0</sequence>
  <logger>global</logger>
  <level>FINE</level>
  <class>mockomatik.MockOMatik</class>
  <method>main</method>
  <thread>1</thread>
  <message> &gt;&gt; LOG TEST &lt;&lt; </message>
</record>
</log>
<?xml version="1.0" encoding="windows-1252" standalone="no"?>
<!DOCTYPE log SYSTEM "logger.dtd">
<log>
<record>
  <date>2019-08-19T20:44:13</date>
  <millis>1566265453580</millis>
  <sequence>0</sequence>
  <logger>global</logger>
  <level>FINE</level>
  <class>mockomatik.MockOMatik</class>
  <method>main</method>
  <thread>1</thread>
  <message> &gt;&gt; LOG TEST &lt;&lt; </message>
</record>
</log>
<?xml version="1.0" encoding="windows-1252" standalone="no"?>
<!DOCTYPE log SYSTEM "logger.dtd">
<log>
<record>
  <date>2019-08-19T20:48:20</date>
  <millis>1566265700049</millis>
  <sequence>0</sequence>
  <logger>global</logger>
  <level>FINE</level>
  <class>mockomatik.MockOMatik</class>
  <method>main</method>
  <thread>1</thread>
  <message> &gt;&gt; LOG TEST &lt;&lt; </message>
</record>
</log>
<?xml version="1.0" encoding="windows-1252" standalone="no"?>
<!DOCTYPE log SYSTEM "logger.dtd">
<log>
<record>
  <date>2019-08-19T21:07:36</date>
  <millis>1566266856539</millis>
  <sequence>0</sequence>
  <logger>global</logger>
  <level>FINE</level>
  <class>mockomatik.MockOMatik</class>
  <method>main</method>
  <thread>1</thread>
  <message> &gt;&gt; LOG TEST &lt;&lt; </message>
</record>
</log>
<?xml version="1.0" encoding="windows-1252" standalone="no"?>
<!DOCTYPE log SYSTEM "logger.dtd">
<log>
<record>
  <date>2019-08-19T21:15:48</date>
  <millis>1566267348038</millis>
  <sequence>0</sequence>
  <logger>global</logger>
  <level>FINE</level>
  <class>mockomatik.MockOMatik</class>
  <method>main</method>
  <thread>1</thread>
  <message> &gt;&gt; LOG TEST &lt;&lt; </message>
</record>
<record>
  <date>2019-08-19T21:15:53</date>
  <millis>1566267353094</millis>
  <sequence>1</sequence>
  <logger>global</logger>
  <level>SEVERE</level>
  <class>mockomatik.MockOMatik</class>
  <method>main</method>
  <thread>1</thread>
  <message>Could not find your location!java.util.NoSuchElementException: No line found</message>
</record>
</log>
<?xml version="1.0" encoding="windows-1252" standalone="no"?>
<!DOCTYPE log SYSTEM "logger.dtd">
<log>
<record>
  <date>2019-08-19T21:17:06</date>
  <millis>1566267426567</millis>
  <sequence>0</sequence>
  <logger>global</logger>
  <level>FINE</level>
  <class>mockomatik.MockOMatik</class>
  <method>main</method>
  <thread>1</thread>
  <message> &gt;&gt; LOG TEST &lt;&lt; </message>
</record>
<?xml version="1.0" encoding="windows-1252" standalone="no"?>
<!DOCTYPE log SYSTEM "logger.dtd">
<log>
<record>
  <date>2019-08-19T21:18:51</date>
  <millis>1566267531197</millis>
  <sequence>0</sequence>
  <logger>global</logger>
  <level>FINE</level>
  <class>mockomatik.MockOMatik</class>
  <method>main</method>
  <thread>1</thread>
  <message> &gt;&gt; LOG TEST &lt;&lt; </message>
</record>
<?xml version="1.0" encoding="windows-1252" standalone="no"?>
<!DOCTYPE log SYSTEM "logger.dtd">
<log>
<record>
  <date>2019-08-19T21:20:54</date>
  <millis>1566267654679</millis>
  <sequence>0</sequence>
  <logger>global</logger>
  <level>FINE</level>
  <class>mockomatik.MockOMatik</class>
  <method>main</method>
  <thread>1</thread>
  <message> &gt;&gt; LOG TEST &lt;&lt; </message>
</record>
<?xml version="1.0" encoding="windows-1252" standalone="no"?>
<!DOCTYPE log SYSTEM "logger.dtd">
<log>
<record>
  <date>2019-08-19T21:26:33</date>
  <millis>1566267993642</millis>
  <sequence>0</sequence>
  <logger>global</logger>
  <level>FINE</level>
  <class>mockomatik.MockOMatik</class>
  <method>main</method>
  <thread>1</thread>
  <message> &gt;&gt; LOG TEST &lt;&lt; </message>
</record>
<?xml version="1.0" encoding="windows-1252" standalone="no"?>
<!DOCTYPE log SYSTEM "logger.dtd">
<log>
<record>
  <date>2019-08-19T21:36:22</date>
  <millis>1566268582081</millis>
  <sequence>0</sequence>
  <logger>global</logger>
  <level>FINE</level>
  <class>mockomatik.MockOMatik</class>
  <method>main</method>
  <thread>1</thread>
  <message> &gt;&gt; LOG TEST &lt;&lt; </message>
</record>
</log>
