<?xml version="1.0" encoding="windows-1252" standalone="no"?>
<!DOCTYPE log SYSTEM "logger.dtd">
<log>
<record>
  <date>2019-08-05T18:32:56</date>
  <millis>1565047976886</millis>
  <sequence>0</sequence>
  <logger>global</logger>
  <level>INFO</level>
  <class>testomatic.TestOMatic</class>
  <method>main</method>
  <thread>1</thread>
  <message> &gt;&gt; LOG TEST : SHOULD BE VISIBLE &lt;&lt; </message>
</record>
<record>
  <date>2019-08-05T18:32:56</date>
  <millis>1565047976917</millis>
  <sequence>1</sequence>
  <logger>global</logger>
  <level>FINE</level>
  <class>testomatic.TestOMatic</class>
  <method>main</method>
  <thread>1</thread>
  <message> &gt;&gt; LOG TEST : SHOULD NOT BE VISIBLE &lt;&lt; </message>
</record>
</log>
